
> considerate-cat-tarot-version-2@2.2.0 build-storybook
> storybook build --output-dir=C:\Users\Maddie\AppData\Local\Temp\chromatic--17276-DnZZV8TE7Kku

@storybook/cli v7.6.20

info => Cleaning outputDir: C:\Users\Maddie\AppData\Local\Temp\chromatic--17276-DnZZV8TE7Kku
info => Loading presets
info => Building manager..
info => Manager built (378 ms)
info => Building preview..
info => Copying static files: C:\Users\Maddie\Desktop\Considerate-Cat-V2\node_modules\@storybook\manager\static at C:\Users\Maddie\AppData\Local\Temp\chromatic--17276-DnZZV8TE7Kku\sb-common-assets
WARN No story files found for the specified pattern: stories\**\*.stories.@(js|jsx|mjs|ts|tsx)
info Using SWC compiler
info Addon-docs: using MDX2
info => Using implicit CSS loaders
info => Using default Webpack5 setup
info => Copying static files: C:\Users\Maddie\Desktop\Considerate-Cat-V2\public at C:\Users\Maddie\AppData\Local\Temp\chromatic--17276-DnZZV8TE7Kku\
WARN asset size limit: The following asset(s) exceed the recommended size limit (244 KiB).
WARN This can impact web performance.
WARN Assets: 
WARN   71.a11705df.iframe.bundle.js (581 KiB)
WARN   801.6194de24.iframe.bundle.js (1010 KiB)
WARN   670.98d19b8d.iframe.bundle.js (721 KiB)
WARN   373.fa2cb131.iframe.bundle.js (820 KiB)
WARN entrypoint size limit: The following entrypoint(s) combined asset size exceeds the recommended limit (244 KiB). This can impact web performance.
WARN Entrypoints:
WARN   main (1.01 MiB)
WARN       runtime~main.464b2a53.iframe.bundle.js
WARN       801.6194de24.iframe.bundle.js
WARN       main.ce595463.iframe.bundle.js
WARN 
info => Preview built (12 s)
info => Output directory: C:\Users\Maddie\AppData\Local\Temp\chromatic--17276-DnZZV8TE7Kku
